c:\users\wsbaek\source\repos\wiz\wiz\debug\wiz.pch
c:\users\wsbaek\source\repos\wiz\wiz\debug\vc141.pdb
c:\users\wsbaek\source\repos\wiz\wiz\debug\vc141.idb
c:\users\wsbaek\source\repos\wiz\wiz\debug\stdafx.obj
c:\users\wsbaek\source\repos\wiz\wiz\debug\userdata.obj
c:\users\wsbaek\source\repos\wiz\wiz\debug\titletip.obj
c:\users\wsbaek\source\repos\wiz\wiz\debug\step4page.obj
c:\users\wsbaek\source\repos\wiz\wiz\debug\step3page.obj
c:\users\wsbaek\source\repos\wiz\wiz\debug\step2page.obj
c:\users\wsbaek\source\repos\wiz\wiz\debug\step1page.obj
c:\users\wsbaek\source\repos\wiz\wiz\debug\shapechart.obj
c:\users\wsbaek\source\repos\wiz\wiz\debug\shape.obj
c:\users\wsbaek\source\repos\wiz\wiz\debug\setuppage.obj
c:\users\wsbaek\source\repos\wiz\wiz\debug\printerpage.obj
c:\users\wsbaek\source\repos\wiz\wiz\debug\newwizpage.obj
c:\users\wsbaek\source\repos\wiz\wiz\debug\newwizdialog.obj
c:\users\wsbaek\source\repos\wiz\wiz\debug\inplaceedit.obj
c:\users\wsbaek\source\repos\wiz\wiz\debug\gridutil.obj
c:\users\wsbaek\source\repos\wiz\wiz\debug\griddroptarget.obj
c:\users\wsbaek\source\repos\wiz\wiz\debug\gridctrl.obj
c:\users\wsbaek\source\repos\wiz\wiz\debug\gridcellbase.obj
c:\users\wsbaek\source\repos\wiz\wiz\debug\gridcell.obj
c:\users\wsbaek\source\repos\wiz\wiz\debug\filedlgutil.obj
c:\users\wsbaek\source\repos\wiz\wiz\debug\chartviewer.obj
c:\users\wsbaek\source\repos\wiz\wiz\debug\xlezautomation.obj
c:\users\wsbaek\source\repos\wiz\wiz\debug\xlautomation.obj
c:\users\wsbaek\source\repos\wiz\wiz\debug\wizdlg.obj
c:\users\wsbaek\source\repos\wiz\wiz\debug\wiz.obj
c:\users\wsbaek\source\repos\wiz\wiz\debug\usergriddata.obj
c:\users\wsbaek\source\repos\wiz\wiz\debug\wiz.res
c:\users\wsbaek\source\repos\wiz\debug\wiz.pdb
c:\users\wsbaek\source\repos\wiz\wiz\debug\wiz.tlog\cl.command.1.tlog
c:\users\wsbaek\source\repos\wiz\wiz\debug\wiz.tlog\cl.read.1.tlog
c:\users\wsbaek\source\repos\wiz\wiz\debug\wiz.tlog\cl.write.1.tlog
c:\users\wsbaek\source\repos\wiz\wiz\debug\wiz.tlog\link-cvtres.read.1.tlog
c:\users\wsbaek\source\repos\wiz\wiz\debug\wiz.tlog\link-cvtres.write.1.tlog
c:\users\wsbaek\source\repos\wiz\wiz\debug\wiz.tlog\link-mt.read.1.tlog
c:\users\wsbaek\source\repos\wiz\wiz\debug\wiz.tlog\link-mt.write.1.tlog
c:\users\wsbaek\source\repos\wiz\wiz\debug\wiz.tlog\link-rc.read.1.tlog
c:\users\wsbaek\source\repos\wiz\wiz\debug\wiz.tlog\link-rc.write.1.tlog
c:\users\wsbaek\source\repos\wiz\wiz\debug\wiz.tlog\link.command.1.tlog
c:\users\wsbaek\source\repos\wiz\wiz\debug\wiz.tlog\link.read.1.tlog
c:\users\wsbaek\source\repos\wiz\wiz\debug\wiz.tlog\link.write.1.tlog
c:\users\wsbaek\source\repos\wiz\wiz\debug\wiz.tlog\rc.command.1.tlog
c:\users\wsbaek\source\repos\wiz\wiz\debug\wiz.tlog\rc.read.1.tlog
c:\users\wsbaek\source\repos\wiz\wiz\debug\wiz.tlog\rc.write.1.tlog
